[1005/192945.485:ERROR:process_reader_win.cc(242)] ReadMemory at 0x7ff6b38e0000 of 64 bytes failed: Only part of a ReadProcessMemory or WriteProcessMemory request was completed. (0x12B)
[1005/192945.493:WARNING:pe_image_reader.cc(302)] could not read dos header from C:\Program Files (x86)\Google\Chrome\Application\chrome.exe
[1005/192945.493:ERROR:process_reader_win.cc(242)] ReadMemory at 0x7ff9d8c00000 of 64 bytes failed: Only part of a ReadProcessMemory or WriteProcessMemory request was completed. (0x12B)
[1005/192945.493:WARNING:pe_image_reader.cc(302)] could not read dos header from C:\WINDOWS\SYSTEM32\ntdll.dll
[1005/192945.493:ERROR:process_reader_win.cc(242)] ReadMemory at 0x7ff9d77b0000 of 64 bytes failed: Only part of a ReadProcessMemory or WriteProcessMemory request was completed. (0x12B)
[1005/192945.494:WARNING:pe_image_reader.cc(302)] could not read dos header from C:\WINDOWS\System32\KERNEL32.DLL
[1005/192945.494:ERROR:process_reader_win.cc(242)] ReadMemory at 0x7ff9d5d90000 of 64 bytes failed: Only part of a ReadProcessMemory or WriteProcessMemory request was completed. (0x12B)
[1005/192945.494:WARNING:pe_image_reader.cc(302)] could not read dos header from C:\WINDOWS\System32\KERNELBASE.dll
[1005/192945.494:ERROR:process_reader_win.cc(242)] ReadMemory at 0x7ff9d2850000 of 64 bytes failed: Only part of a ReadProcessMemory or WriteProcessMemory request was completed. (0x12B)
[1005/192945.494:WARNING:pe_image_reader.cc(302)] could not read dos header from C:\WINDOWS\SYSTEM32\apphelp.dll
[1005/192945.494:ERROR:process_reader_win.cc(242)] ReadMemory at 0x7ff9d6090000 of 64 bytes failed: Only part of a ReadProcessMemory or WriteProcessMemory request was completed. (0x12B)
[1005/192945.494:WARNING:pe_image_reader.cc(302)] could not read dos header from C:\WINDOWS\System32\SHELL32.dll
[1005/192945.494:ERROR:process_reader_win.cc(242)] ReadMemory at 0x7ff9d8970000 of 64 bytes failed: Only part of a ReadProcessMemory or WriteProcessMemory request was completed. (0x12B)
[1005/192945.494:WARNING:pe_image_reader.cc(302)] could not read dos header from C:\WINDOWS\System32\msvcrt.dll
[1005/192945.494:ERROR:process_reader_win.cc(242)] ReadMemory at 0x7ff9d5490000 of 64 bytes failed: Only part of a ReadProcessMemory or WriteProcessMemory request was completed. (0x12B)
[1005/192945.494:WARNING:pe_image_reader.cc(302)] could not read dos header from C:\WINDOWS\System32\cfgmgr32.dll
[1005/192945.494:ERROR:process_reader_win.cc(242)] ReadMemory at 0x7ff9d5c90000 of 64 bytes failed: Only part of a ReadProcessMemory or WriteProcessMemory request was completed. (0x12B)
[1005/192945.494:WARNING:pe_image_reader.cc(302)] could not read dos header from C:\WINDOWS\System32\ucrtbase.dll
[1005/192945.494:ERROR:process_reader_win.cc(242)] ReadMemory at 0x7ff9d7980000 of 64 bytes failed: Only part of a ReadProcessMemory or WriteProcessMemory request was completed. (0x12B)
[1005/192945.494:WARNING:pe_image_reader.cc(302)] could not read dos header from C:\WINDOWS\System32\shcore.dll
[1005/192945.494:ERROR:process_reader_win.cc(242)] ReadMemory at 0x7ff9d7540000 of 64 bytes failed: Only part of a ReadProcessMemory or WriteProcessMemory request was completed. (0x12B)
[1005/192945.494:WARNING:pe_image_reader.cc(302)] could not read dos header from C:\WINDOWS\System32\RPCRT4.dll
[1005/192945.494:ERROR:process_reader_win.cc(242)] ReadMemory at 0x7ff9d7d10000 of 64 bytes failed: Only part of a ReadProcessMemory or WriteProcessMemory request was completed. (0x12B)
[1005/192945.494:WARNING:pe_image_reader.cc(302)] could not read dos header from C:\WINDOWS\System32\combase.dll
[1005/192945.494:ERROR:process_reader_win.cc(242)] ReadMemory at 0x7ff9d6010000 of 64 bytes failed: Only part of a ReadProcessMemory or WriteProcessMemory request was completed. (0x12B)
[1005/192945.494:WARNING:pe_image_reader.cc(302)] could not read dos header from C:\WINDOWS\System32\bcryptPrimitives.dll
[1005/192945.494:ERROR:process_reader_win.cc(242)] ReadMemory at 0x7ff9d5580000 of 64 bytes failed: Only part of a ReadProcessMemory or WriteProcessMemory request was completed. (0x12B)
[1005/192945.495:WARNING:pe_image_reader.cc(302)] could not read dos header from C:\WINDOWS\System32\windows.storage.dll
[1005/192945.495:ERROR:process_reader_win.cc(242)] ReadMemory at 0x2a2892d0000 of 64 bytes failed: Only part of a ReadProcessMemory or WriteProcessMemory request was completed. (0x12B)
[1005/192945.495:WARNING:pe_image_reader.cc(302)] could not read dos header from C:\WINDOWS\System32\advapi32.dll
[1005/192945.495:ERROR:process_reader_win.cc(242)] ReadMemory at 0x7ff9d76f0000 of 64 bytes failed: Only part of a ReadProcessMemory or WriteProcessMemory request was completed. (0x12B)
[1005/192945.495:WARNING:pe_image_reader.cc(302)] could not read dos header from C:\WINDOWS\System32\sechost.dll
[1005/192945.495:ERROR:process_reader_win.cc(242)] ReadMemory at 0x7ff9d7920000 of 64 bytes failed: Only part of a ReadProcessMemory or WriteProcessMemory request was completed. (0x12B)
[1005/192945.495:WARNING:pe_image_reader.cc(302)] could not read dos header from C:\WINDOWS\System32\shlwapi.dll
[1005/192945.495:ERROR:process_reader_win.cc(242)] ReadMemory at 0x7ff9d74d0000 of 64 bytes failed: Only part of a ReadProcessMemory or WriteProcessMemory request was completed. (0x12B)
[1005/192945.495:WARNING:pe_image_reader.cc(302)] could not read dos header from C:\WINDOWS\System32\GDI32.dll
[1005/192945.495:ERROR:process_reader_win.cc(242)] ReadMemory at 0x7ff9d4fd0000 of 64 bytes failed: Only part of a ReadProcessMemory or WriteProcessMemory request was completed. (0x12B)
[1005/192945.495:WARNING:pe_image_reader.cc(302)] could not read dos header from C:\WINDOWS\System32\gdi32full.dll
[1005/192945.495:ERROR:process_reader_win.cc(242)] ReadMemory at 0x7ff9d54e0000 of 64 bytes failed: Only part of a ReadProcessMemory or WriteProcessMemory request was completed. (0x12B)
[1005/192945.495:WARNING:pe_image_reader.cc(302)] could not read dos header from C:\WINDOWS\System32\msvcp_win.dll
[1005/192945.495:ERROR:process_reader_win.cc(242)] ReadMemory at 0x7ff9d84a0000 of 64 bytes failed: Only part of a ReadProcessMemory or WriteProcessMemory request was completed. (0x12B)
[1005/192945.495:WARNING:pe_image_reader.cc(302)] could not read dos header from C:\WINDOWS\System32\USER32.dll
[1005/192945.495:ERROR:process_reader_win.cc(242)] ReadMemory at 0x7ff9d5170000 of 64 bytes failed: Only part of a ReadProcessMemory or WriteProcessMemory request was completed. (0x12B)
[1005/192945.495:WARNING:pe_image_reader.cc(302)] could not read dos header from C:\WINDOWS\System32\win32u.dll
[1005/192945.495:ERROR:process_reader_win.cc(242)] ReadMemory at 0x7ff9d4f60000 of 64 bytes failed: Only part of a ReadProcessMemory or WriteProcessMemory request was completed. (0x12B)
[1005/192945.495:WARNING:pe_image_reader.cc(302)] could not read dos header from C:\WINDOWS\System32\kernel.appcore.dll
[1005/192945.495:ERROR:process_reader_win.cc(242)] ReadMemory at 0x7ff9d4fa0000 of 64 bytes failed: Only part of a ReadProcessMemory or WriteProcessMemory request was completed. (0x12B)
[1005/192945.495:WARNING:pe_image_reader.cc(302)] could not read dos header from C:\WINDOWS\System32\profapi.dll
[1005/192945.495:ERROR:process_reader_win.cc(242)] ReadMemory at 0x7ff9d4f10000 of 64 bytes failed: Only part of a ReadProcessMemory or WriteProcessMemory request was completed. (0x12B)
[1005/192945.495:WARNING:pe_image_reader.cc(302)] could not read dos header from C:\WINDOWS\System32\powrprof.dll
[1005/192945.495:ERROR:process_reader_win.cc(242)] ReadMemory at 0x7ff9d4fc0000 of 64 bytes failed: Only part of a ReadProcessMemory or WriteProcessMemory request was completed. (0x12B)
[1005/192945.495:WARNING:pe_image_reader.cc(302)] could not read dos header from C:\WINDOWS\System32\FLTLIB.DLL
[1005/192945.495:ERROR:process_reader_win.cc(242)] ReadMemory at 0x7ff9d7530000 of 64 bytes failed: Only part of a ReadProcessMemory or WriteProcessMemory request was completed. (0x12B)
[1005/192945.495:WARNING:pe_image_reader.cc(302)] could not read dos header from C:\WINDOWS\System32\PSAPI.DLL
[1005/192945.495:ERROR:process_reader_win.cc(242)] ReadMemory at 0x7ff995c00000 of 64 bytes failed: Only part of a ReadProcessMemory or WriteProcessMemory request was completed. (0x12B)
[1005/192945.496:WARNING:pe_image_reader.cc(302)] could not read dos header from C:\Program Files (x86)\Google\Chrome\Application\69.0.3497.100\chrome_elf.dll
[1005/192945.496:ERROR:process_reader_win.cc(242)] ReadMemory at 0x7ff9c7420000 of 64 bytes failed: Only part of a ReadProcessMemory or WriteProcessMemory request was completed. (0x12B)
[1005/192945.496:WARNING:pe_image_reader.cc(302)] could not read dos header from C:\WINDOWS\SYSTEM32\VERSION.dll
[1005/192945.496:ERROR:process_reader_win.cc(242)] ReadMemory at 0x7ff9d2a60000 of 64 bytes failed: Only part of a ReadProcessMemory or WriteProcessMemory request was completed. (0x12B)
[1005/192945.496:WARNING:pe_image_reader.cc(302)] could not read dos header from C:\WINDOWS\SYSTEM32\WINMM.dll
[1005/192945.496:ERROR:process_reader_win.cc(242)] ReadMemory at 0x7ff9d4e40000 of 64 bytes failed: Only part of a ReadProcessMemory or WriteProcessMemory request was completed. (0x12B)
[1005/192945.496:WARNING:pe_image_reader.cc(302)] could not read dos header from C:\WINDOWS\SYSTEM32\USERENV.dll
[1005/192945.496:ERROR:process_reader_win.cc(242)] ReadMemory at 0x7ff9cab50000 of 64 bytes failed: Only part of a ReadProcessMemory or WriteProcessMemory request was completed. (0x12B)
[1005/192945.496:WARNING:pe_image_reader.cc(302)] could not read dos header from C:\WINDOWS\SYSTEM32\WINHTTP.dll
[1005/192945.496:ERROR:process_reader_win.cc(242)] ReadMemory at 0x7ff9d2a30000 of 64 bytes failed: Only part of a ReadProcessMemory or WriteProcessMemory request was completed. (0x12B)
[1005/192945.496:WARNING:pe_image_reader.cc(302)] could not read dos header from C:\WINDOWS\SYSTEM32\WINMMBASE.dll
[1005/192945.496:ERROR:process_reader_win.cc(242)] ReadMemory at 0x7ff9d4960000 of 64 bytes failed: Only part of a ReadProcessMemory or WriteProcessMemory request was completed. (0x12B)
[1005/192945.496:WARNING:pe_image_reader.cc(302)] could not read dos header from C:\WINDOWS\SYSTEM32\CRYPTBASE.DLL
[1005/192945.496:ERROR:process_reader_win.cc(242)] ReadMemory at 0x2a2893c0000 of 64 bytes failed: Only part of a ReadProcessMemory or WriteProcessMemory request was completed. (0x12B)
[1005/192945.496:WARNING:pe_image_reader.cc(302)] could not read dos header from C:\WINDOWS\System32\IMM32.DLL
[1005/192945.496:ERROR:process_reader_win.cc(242)] ReadMemory at 0x7ff972a40000 of 64 bytes failed: Only part of a ReadProcessMemory or WriteProcessMemory request was completed. (0x12B)
[1005/192945.496:WARNING:pe_image_reader.cc(302)] could not read dos header from C:\Program Files (x86)\Google\Chrome\Application\69.0.3497.100\chrome_child.dll
[1005/192945.496:ERROR:process_reader_win.cc(242)] ReadMemory at 0x7ff9d8b60000 of 64 bytes failed: Only part of a ReadProcessMemory or WriteProcessMemory request was completed. (0x12B)
[1005/192945.496:WARNING:pe_image_reader.cc(302)] could not read dos header from C:\WINDOWS\System32\WS2_32.dll
[1005/192945.496:ERROR:process_reader_win.cc(242)] ReadMemory at 0x7ff9d7a30000 of 64 bytes failed: Only part of a ReadProcessMemory or WriteProcessMemory request was completed. (0x12B)
[1005/192945.496:WARNING:pe_image_reader.cc(302)] could not read dos header from C:\WINDOWS\System32\ole32.dll
[1005/192945.496:ERROR:process_reader_win.cc(242)] ReadMemory at 0x2a2894b0000 of 64 bytes failed: Only part of a ReadProcessMemory or WriteProcessMemory request was completed. (0x12B)
[1005/192945.496:WARNING:pe_image_reader.cc(302)] could not read dos header from C:\WINDOWS\System32\OLEAUT32.dll
[1005/192945.496:ERROR:process_reader_win.cc(242)] ReadMemory at 0x7ff9d5380000 of 64 bytes failed: Only part of a ReadProcessMemory or WriteProcessMemory request was completed. (0x12B)
[1005/192945.496:WARNING:pe_image_reader.cc(302)] could not read dos header from C:\WINDOWS\System32\WINTRUST.dll
[1005/192945.496:ERROR:process_reader_win.cc(242)] ReadMemory at 0x7ff9d4f80000 of 64 bytes failed: Only part of a ReadProcessMemory or WriteProcessMemory request was completed. (0x12B)
[1005/192945.496:WARNING:pe_image_reader.cc(302)] could not read dos header from C:\WINDOWS\System32\MSASN1.dll
[1005/192945.496:ERROR:process_reader_win.cc(242)] ReadMemory at 0x7ff9d5190000 of 64 bytes failed: Only part of a ReadProcessMemory or WriteProcessMemory request was completed. (0x12B)
[1005/192945.497:WARNING:pe_image_reader.cc(302)] could not read dos header from C:\WINDOWS\System32\CRYPT32.dll
[1005/192945.497:ERROR:process_reader_win.cc(242)] ReadMemory at 0x7ff9d8a10000 of 64 bytes failed: Only part of a ReadProcessMemory or WriteProcessMemory request was completed. (0x12B)
[1005/192945.497:WARNING:pe_image_reader.cc(302)] could not read dos header from C:\WINDOWS\System32\COMDLG32.dll
[1005/192945.497:ERROR:process_reader_win.cc(242)] ReadMemory at 0x7ff9d4510000 of 64 bytes failed: Only part of a ReadProcessMemory or WriteProcessMemory request was completed. (0x12B)
[1005/192945.497:WARNING:pe_image_reader.cc(302)] could not read dos header from C:\WINDOWS\SYSTEM32\IPHLPAPI.DLL
[1005/192945.497:ERROR:process_reader_win.cc(242)] ReadMemory at 0x7ff9b6150000 of 64 bytes failed: Only part of a ReadProcessMemory or WriteProcessMemory request was completed. (0x12B)
[1005/192945.497:WARNING:pe_image_reader.cc(302)] could not read dos header from C:\WINDOWS\SYSTEM32\msdmo.dll
[1005/192945.497:ERROR:process_reader_win.cc(242)] ReadMemory at 0x7ff9bb7b0000 of 64 bytes failed: Only part of a ReadProcessMemory or WriteProcessMemory request was completed. (0x12B)
[1005/192945.497:WARNING:pe_image_reader.cc(302)] could not read dos header from C:\WINDOWS\WinSxS\amd64_microsoft.windows.common-controls_6595b64144ccf1df_6.0.17134.286_none_fb43982d306480cc\COMCTL32.dll
[1005/192945.497:ERROR:process_reader_win.cc(242)] ReadMemory at 0x7ff9b2860000 of 64 bytes failed: Only part of a ReadProcessMemory or WriteProcessMemory request was completed. (0x12B)
[1005/192945.497:WARNING:pe_image_reader.cc(302)] could not read dos header from C:\WINDOWS\SYSTEM32\DWrite.dll
[1005/192945.497:ERROR:process_reader_win.cc(242)] ReadMemory at 0x7ff999cc0000 of 64 bytes failed: Only part of a ReadProcessMemory or WriteProcessMemory request was completed. (0x12B)
[1005/192945.497:WARNING:pe_image_reader.cc(302)] could not read dos header from C:\WINDOWS\SYSTEM32\WINSPOOL.DRV
[1005/192945.497:ERROR:process_reader_win.cc(242)] ReadMemory at 0x7ff9d3980000 of 64 bytes failed: Only part of a ReadProcessMemory or WriteProcessMemory request was completed. (0x12B)
[1005/192945.497:WARNING:pe_image_reader.cc(302)] could not read dos header from C:\WINDOWS\SYSTEM32\dbghelp.dll
[1005/192945.497:ERROR:process_reader_win.cc(242)] ReadMemory at 0x7ff9b0800000 of 64 bytes failed: Only part of a ReadProcessMemory or WriteProcessMemory request was completed. (0x12B)
[1005/192945.497:WARNING:pe_image_reader.cc(302)] could not read dos header from C:\WINDOWS\SYSTEM32\USP10.dll
[1005/192945.497:ERROR:process_reader_win.cc(242)] ReadMemory at 0x7ff9d3cd0000 of 64 bytes failed: Only part of a ReadProcessMemory or WriteProcessMemory request was completed. (0x12B)
[1005/192945.497:WARNING:pe_image_reader.cc(302)] could not read dos header from C:\WINDOWS\SYSTEM32\dxgi.dll
[1005/192945.497:ERROR:process_reader_win.cc(242)] ReadMemory at 0x7ff9c7430000 of 64 bytes failed: Only part of a ReadProcessMemory or WriteProcessMemory request was completed. (0x12B)
[1005/192945.497:WARNING:pe_image_reader.cc(302)] could not read dos header from C:\WINDOWS\SYSTEM32\urlmon.dll
[1005/192945.497:ERROR:process_reader_win.cc(242)] ReadMemory at 0x7ff9c2310000 of 64 bytes failed: Only part of a ReadProcessMemory or WriteProcessMemory request was completed. (0x12B)
[1005/192945.497:WARNING:pe_image_reader.cc(302)] could not read dos header from C:\WINDOWS\SYSTEM32\Secur32.dll
[1005/192945.497:ERROR:process_reader_win.cc(242)] ReadMemory at 0x7ff9caab0000 of 64 bytes failed: Only part of a ReadProcessMemory or WriteProcessMemory request was completed. (0x12B)
[1005/192945.497:WARNING:pe_image_reader.cc(302)] could not read dos header from C:\WINDOWS\SYSTEM32\dhcpcsvc.DLL
[1005/192945.497:ERROR:process_reader_win.cc(242)] ReadMemory at 0x7ff9d8960000 of 64 bytes failed: Only part of a ReadProcessMemory or WriteProcessMemory request was completed. (0x12B)
[1005/192945.497:WARNING:pe_image_reader.cc(302)] could not read dos header from C:\WINDOWS\System32\NSI.dll
[1005/192945.497:ERROR:process_reader_win.cc(242)] ReadMemory at 0x7ff9d3560000 of 64 bytes failed: Only part of a ReadProcessMemory or WriteProcessMemory request was completed. (0x12B)
[1005/192945.497:WARNING:pe_image_reader.cc(302)] could not read dos header from C:\WINDOWS\SYSTEM32\PROPSYS.dll
[1005/192945.497:ERROR:process_reader_win.cc(242)] ReadMemory at 0x7ff9d4a70000 of 64 bytes failed: Only part of a ReadProcessMemory or WriteProcessMemory request was completed. (0x12B)
[1005/192945.497:WARNING:pe_image_reader.cc(302)] could not read dos header from C:\WINDOWS\SYSTEM32\bcrypt.dll
[1005/192945.498:ERROR:process_reader_win.cc(242)] ReadMemory at 0x7ff9c7c20000 of 64 bytes failed: Only part of a ReadProcessMemory or WriteProcessMemory request was completed. (0x12B)
[1005/192945.498:WARNING:pe_image_reader.cc(302)] could not read dos header from C:\WINDOWS\SYSTEM32\iertutil.dll
[1005/192945.498:ERROR:process_reader_win.cc(242)] ReadMemory at 0x7ff9d4e10000 of 64 bytes failed: Only part of a ReadProcessMemory or WriteProcessMemory request was completed. (0x12B)
[1005/192945.498:WARNING:pe_image_reader.cc(302)] could not read dos header from C:\WINDOWS\SYSTEM32\SSPICLI.DLL
[1005/192945.563:ERROR:process_reader_win.cc(242)] ReadMemory at 0xecd45f0000 of 65536 bytes failed: Only part of a ReadProcessMemory or WriteProcessMemory request was completed. (0x12B)
[1005/192945.563:ERROR:process_reader_win.cc(242)] ReadMemory at 0xecd47fe000 of 8192 bytes failed: Only part of a ReadProcessMemory or WriteProcessMemory request was completed. (0x12B)
[1005/192945.564:ERROR:process_reader_win.cc(242)] ReadMemory at 0xecd49fe000 of 8192 bytes failed: Only part of a ReadProcessMemory or WriteProcessMemory request was completed. (0x12B)
[1005/192945.564:ERROR:process_reader_win.cc(242)] ReadMemory at 0xecd4bfd000 of 12288 bytes failed: Only part of a ReadProcessMemory or WriteProcessMemory request was completed. (0x12B)
[1005/192945.564:ERROR:process_reader_win.cc(242)] ReadMemory at 0xecd4df5000 of 45056 bytes failed: Only part of a ReadProcessMemory or WriteProcessMemory request was completed. (0x12B)
[1005/192945.564:ERROR:process_reader_win.cc(242)] ReadMemory at 0xecd4ffe000 of 8192 bytes failed: Only part of a ReadProcessMemory or WriteProcessMemory request was completed. (0x12B)
[1005/192945.564:ERROR:process_reader_win.cc(242)] ReadMemory at 0xecd51fe000 of 8192 bytes failed: Only part of a ReadProcessMemory or WriteProcessMemory request was completed. (0x12B)
[1005/192945.564:ERROR:process_reader_win.cc(242)] ReadMemory at 0xecd53fd000 of 12288 bytes failed: Only part of a ReadProcessMemory or WriteProcessMemory request was completed. (0x12B)
[1005/192945.564:ERROR:process_reader_win.cc(242)] ReadMemory at 0xecd55fe000 of 8192 bytes failed: Only part of a ReadProcessMemory or WriteProcessMemory request was completed. (0x12B)
[1005/192945.564:ERROR:process_reader_win.cc(242)] ReadMemory at 0xecd57fe000 of 8192 bytes failed: Only part of a ReadProcessMemory or WriteProcessMemory request was completed. (0x12B)
[1005/192945.564:ERROR:process_reader_win.cc(242)] ReadMemory at 0xecd59fc000 of 16384 bytes failed: Only part of a ReadProcessMemory or WriteProcessMemory request was completed. (0x12B)
[1005/192945.564:ERROR:process_reader_win.cc(242)] ReadMemory at 0xecd5bf8000 of 32768 bytes failed: Only part of a ReadProcessMemory or WriteProcessMemory request was completed. (0x12B)
[1005/192945.564:ERROR:process_reader_win.cc(242)] ReadMemory at 0xecd5dfd000 of 12288 bytes failed: Only part of a ReadProcessMemory or WriteProcessMemory request was completed. (0x12B)
[1005/192945.564:ERROR:process_reader_win.cc(242)] ReadMemory at 0xecd5ffc000 of 16384 bytes failed: Only part of a ReadProcessMemory or WriteProcessMemory request was completed. (0x12B)
[1005/192945.564:ERROR:process_reader_win.cc(242)] ReadMemory at 0xecd61fd000 of 12288 bytes failed: Only part of a ReadProcessMemory or WriteProcessMemory request was completed. (0x12B)
[1005/192945.565:ERROR:process_reader_win.cc(242)] ReadMemory at 0xecd63f2000 of 57344 bytes failed: Only part of a ReadProcessMemory or WriteProcessMemory request was completed. (0x12B)
[1005/192945.565:ERROR:process_reader_win.cc(242)] ReadMemory at 0xecd65fd000 of 12288 bytes failed: Only part of a ReadProcessMemory or WriteProcessMemory request was completed. (0x12B)
[1005/192945.565:ERROR:process_reader_win.cc(242)] ReadMemory at 0xecd67fd000 of 12288 bytes failed: Only part of a ReadProcessMemory or WriteProcessMemory request was completed. (0x12B)
[1005/192945.565:ERROR:process_reader_win.cc(242)] ReadMemory at 0xecd6bf6000 of 40960 bytes failed: Only part of a ReadProcessMemory or WriteProcessMemory request was completed. (0x12B)
[1005/192945.565:ERROR:process_reader_win.cc(242)] ReadMemory at 0xecd4200000 of 6024 bytes failed: Only part of a ReadProcessMemory or WriteProcessMemory request was completed. (0x12B)
[1005/192945.565:ERROR:process_reader_win.cc(242)] ReadMemory at 0xecd4204000 of 6024 bytes failed: Only part of a ReadProcessMemory or WriteProcessMemory request was completed. (0x12B)
[1005/192945.565:ERROR:process_reader_win.cc(242)] ReadMemory at 0xecd43dd000 of 852 bytes failed: Only part of a ReadProcessMemory or WriteProcessMemory request was completed. (0x12B)
[1005/192945.565:ERROR:process_reader_win.cc(242)] ReadMemory at 0xecd43de000 of 6024 bytes failed: Only part of a ReadProcessMemory or WriteProcessMemory request was completed. (0x12B)
[1005/192945.565:ERROR:process_reader_win.cc(242)] ReadMemory at 0xecd43e0000 of 6024 bytes failed: Only part of a ReadProcessMemory or WriteProcessMemory request was completed. (0x12B)
[1005/192945.565:ERROR:process_reader_win.cc(242)] ReadMemory at 0xecd43e2000 of 6024 bytes failed: Only part of a ReadProcessMemory or WriteProcessMemory request was completed. (0x12B)
[1005/192945.565:ERROR:process_reader_win.cc(242)] ReadMemory at 0xecd43e4000 of 6024 bytes failed: Only part of a ReadProcessMemory or WriteProcessMemory request was completed. (0x12B)
[1005/192945.565:ERROR:process_reader_win.cc(242)] ReadMemory at 0xecd43e6000 of 6024 bytes failed: Only part of a ReadProcessMemory or WriteProcessMemory request was completed. (0x12B)
[1005/192945.565:ERROR:process_reader_win.cc(242)] ReadMemory at 0xecd43e8000 of 6024 bytes failed: Only part of a ReadProcessMemory or WriteProcessMemory request was completed. (0x12B)
[1005/192945.565:ERROR:process_reader_win.cc(242)] ReadMemory at 0xecd43e9f80 of 6152 bytes failed: Only part of a ReadProcessMemory or WriteProcessMemory request was completed. (0x12B)
[1005/192945.566:ERROR:process_reader_win.cc(242)] ReadMemory at 0xecd43ec000 of 6024 bytes failed: Only part of a ReadProcessMemory or WriteProcessMemory request was completed. (0x12B)
[1005/192945.566:ERROR:process_reader_win.cc(242)] ReadMemory at 0xecd43ee000 of 6024 bytes failed: Only part of a ReadProcessMemory or WriteProcessMemory request was completed. (0x12B)
[1005/192945.566:ERROR:process_reader_win.cc(242)] ReadMemory at 0xecd43f0000 of 6024 bytes failed: Only part of a ReadProcessMemory or WriteProcessMemory request was completed. (0x12B)
[1005/192945.566:ERROR:process_reader_win.cc(242)] ReadMemory at 0xecd43f2000 of 6024 bytes failed: Only part of a ReadProcessMemory or WriteProcessMemory request was completed. (0x12B)
[1005/192945.566:ERROR:process_reader_win.cc(242)] ReadMemory at 0xecd43f4000 of 6024 bytes failed: Only part of a ReadProcessMemory or WriteProcessMemory request was completed. (0x12B)
[1005/192945.567:ERROR:process_reader_win.cc(242)] ReadMemory at 0xecd43f6000 of 6024 bytes failed: Only part of a ReadProcessMemory or WriteProcessMemory request was completed. (0x12B)
[1005/192945.567:ERROR:process_reader_win.cc(242)] ReadMemory at 0xecd43f8000 of 6024 bytes failed: Only part of a ReadProcessMemory or WriteProcessMemory request was completed. (0x12B)
[1005/192945.567:ERROR:process_reader_win.cc(242)] ReadMemory at 0xecd43fa000 of 6024 bytes failed: Only part of a ReadProcessMemory or WriteProcessMemory request was completed. (0x12B)
[1005/192945.567:ERROR:process_reader_win.cc(242)] ReadMemory at 0xecd43fc000 of 6024 bytes failed: Only part of a ReadProcessMemory or WriteProcessMemory request was completed. (0x12B)
[1005/192945.567:ERROR:process_reader_win.cc(242)] ReadMemory at 0xecd43fe000 of 6024 bytes failed: Only part of a ReadProcessMemory or WriteProcessMemory request was completed. (0x12B)
[1005/192945.567:ERROR:process_reader_win.cc(242)] ReadMemory at 0x24265c74118 of 512 bytes failed: Only part of a ReadProcessMemory or WriteProcessMemory request was completed. (0x12B)
[1005/192945.567:ERROR:process_reader_win.cc(242)] ReadMemory at 0x2a2891d0ab0 of 512 bytes failed: Only part of a ReadProcessMemory or WriteProcessMemory request was completed. (0x12B)
[1005/192945.567:ERROR:process_reader_win.cc(242)] ReadMemory at 0x2a2891d0fc0 of 5922 bytes failed: Only part of a ReadProcessMemory or WriteProcessMemory request was completed. (0x12B)
[1005/192945.568:ERROR:process_reader_win.cc(242)] ReadMemory at 0x2a2891d26f0 of 1012 bytes failed: Only part of a ReadProcessMemory or WriteProcessMemory request was completed. (0x12B)
[1005/192945.568:ERROR:process_reader_win.cc(242)] ReadMemory at 0x2a2891d2d08 of 118 bytes failed: Only part of a ReadProcessMemory or WriteProcessMemory request was completed. (0x12B)
[1005/192945.568:ERROR:process_reader_win.cc(242)] ReadMemory at 0x2a2891d2d80 of 1348 bytes failed: Only part of a ReadProcessMemory or WriteProcessMemory request was completed. (0x12B)
[1005/192945.568:ERROR:process_reader_win.cc(242)] ReadMemory at 0x2a2891d32c6 of 118 bytes failed: Only part of a ReadProcessMemory or WriteProcessMemory request was completed. (0x12B)
[1005/192945.568:ERROR:process_reader_win.cc(242)] ReadMemory at 0x2a2891d333e of 96 bytes failed: Only part of a ReadProcessMemory or WriteProcessMemory request was completed. (0x12B)
[1005/192945.568:ERROR:process_reader_win.cc(242)] ReadMemory at 0x2a2891d33b0 of 58 bytes failed: Only part of a ReadProcessMemory or WriteProcessMemory request was completed. (0x12B)
[1005/192945.568:ERROR:process_reader_win.cc(242)] ReadMemory at 0x2a2891d34b0 of 132 bytes failed: Only part of a ReadProcessMemory or WriteProcessMemory request was completed. (0x12B)
[1005/192945.568:ERROR:process_reader_win.cc(242)] ReadMemory at 0x2a2891d3640 of 132 bytes failed: Only part of a ReadProcessMemory or WriteProcessMemory request was completed. (0x12B)
[1005/192945.568:ERROR:process_reader_win.cc(242)] ReadMemory at 0x2a2891d3800 of 126 bytes failed: Only part of a ReadProcessMemory or WriteProcessMemory request was completed. (0x12B)
[1005/192945.568:ERROR:process_reader_win.cc(242)] ReadMemory at 0x2a2891d3be0 of 132 bytes failed: Only part of a ReadProcessMemory or WriteProcessMemory request was completed. (0x12B)
[1005/192945.568:ERROR:process_reader_win.cc(242)] ReadMemory at 0x2a2891d3d70 of 64 bytes failed: Only part of a ReadProcessMemory or WriteProcessMemory request was completed. (0x12B)
[1005/192945.568:ERROR:process_reader_win.cc(242)] ReadMemory at 0x2a2891d3ed0 of 132 bytes failed: Only part of a ReadProcessMemory or WriteProcessMemory request was completed. (0x12B)
[1005/192945.569:ERROR:process_reader_win.cc(242)] ReadMemory at 0x2a2891d40d0 of 62 bytes failed: Only part of a ReadProcessMemory or WriteProcessMemory request was completed. (0x12B)
[1005/192945.569:ERROR:process_reader_win.cc(242)] ReadMemory at 0x2a2891d41c0 of 132 bytes failed: Only part of a ReadProcessMemory or WriteProcessMemory request was completed. (0x12B)
[1005/192945.569:ERROR:process_reader_win.cc(242)] ReadMemory at 0x2a2891d4350 of 68 bytes failed: Only part of a ReadProcessMemory or WriteProcessMemory request was completed. (0x12B)
[1005/192945.569:ERROR:process_reader_win.cc(242)] ReadMemory at 0x2a2891da860 of 132 bytes failed: Only part of a ReadProcessMemory or WriteProcessMemory request was completed. (0x12B)
[1005/192945.569:ERROR:process_reader_win.cc(242)] ReadMemory at 0x2a2891daaa0 of 132 bytes failed: Only part of a ReadProcessMemory or WriteProcessMemory request was completed. (0x12B)
[1005/192945.569:ERROR:process_reader_win.cc(242)] ReadMemory at 0x2a2891dac30 of 62 bytes failed: Only part of a ReadProcessMemory or WriteProcessMemory request was completed. (0x12B)
[1005/192945.569:ERROR:process_reader_win.cc(242)] ReadMemory at 0x2a2891dc3a0 of 132 bytes failed: Only part of a ReadProcessMemory or WriteProcessMemory request was completed. (0x12B)
[1005/192945.569:ERROR:process_reader_win.cc(242)] ReadMemory at 0x2a2891dc530 of 60 bytes failed: Only part of a ReadProcessMemory or WriteProcessMemory request was completed. (0x12B)
[1005/192945.570:ERROR:process_reader_win.cc(242)] ReadMemory at 0x2a2891dc580 of 158 bytes failed: Only part of a ReadProcessMemory or WriteProcessMemory request was completed. (0x12B)
[1005/192945.570:ERROR:process_reader_win.cc(242)] ReadMemory at 0x2a2891dc780 of 132 bytes failed: Only part of a ReadProcessMemory or WriteProcessMemory request was completed. (0x12B)
[1005/192945.570:ERROR:process_reader_win.cc(242)] ReadMemory at 0x2a2891dc910 of 64 bytes failed: Only part of a ReadProcessMemory or WriteProcessMemory request was completed. (0x12B)
[1005/192945.570:ERROR:process_reader_win.cc(242)] ReadMemory at 0x2a2891dcb90 of 132 bytes failed: Only part of a ReadProcessMemory or WriteProcessMemory request was completed. (0x12B)
[1005/192945.570:ERROR:process_reader_win.cc(242)] ReadMemory at 0x2a2891dcd20 of 64 bytes failed: Only part of a ReadProcessMemory or WriteProcessMemory request was completed. (0x12B)
[1005/192945.570:ERROR:process_reader_win.cc(242)] ReadMemory at 0x2a2891dcf80 of 132 bytes failed: Only part of a ReadProcessMemory or WriteProcessMemory request was completed. (0x12B)
[1005/192945.570:ERROR:process_reader_win.cc(242)] ReadMemory at 0x2a2891dd110 of 60 bytes failed: Only part of a ReadProcessMemory or WriteProcessMemory request was completed. (0x12B)
[1005/192945.570:ERROR:process_reader_win.cc(242)] ReadMemory at 0x2a2891dd160 of 246 bytes failed: Only part of a ReadProcessMemory or WriteProcessMemory request was completed. (0x12B)
[1005/192945.570:ERROR:process_reader_win.cc(242)] ReadMemory at 0x2a2891dd430 of 132 bytes failed: Only part of a ReadProcessMemory or WriteProcessMemory request was completed. (0x12B)
[1005/192945.570:ERROR:process_reader_win.cc(242)] ReadMemory at 0x2a2891dd5c0 of 60 bytes failed: Only part of a ReadProcessMemory or WriteProcessMemory request was completed. (0x12B)
[1005/192945.570:ERROR:process_reader_win.cc(242)] ReadMemory at 0x2a2891dd800 of 132 bytes failed: Only part of a ReadProcessMemory or WriteProcessMemory request was completed. (0x12B)
[1005/192945.570:ERROR:process_reader_win.cc(242)] ReadMemory at 0x2a2891dd990 of 62 bytes failed: Only part of a ReadProcessMemory or WriteProcessMemory request was completed. (0x12B)
[1005/192945.570:ERROR:process_reader_win.cc(242)] ReadMemory at 0x2a2891de4e0 of 132 bytes failed: Only part of a ReadProcessMemory or WriteProcessMemory request was completed. (0x12B)
[1005/192945.570:ERROR:process_reader_win.cc(242)] ReadMemory at 0x2a2891de8a0 of 80 bytes failed: Only part of a ReadProcessMemory or WriteProcessMemory request was completed. (0x12B)
[1005/192945.570:ERROR:process_reader_win.cc(242)] ReadMemory at 0x2a2891de9c0 of 76 bytes failed: Only part of a ReadProcessMemory or WriteProcessMemory request was completed. (0x12B)
[1005/192945.571:ERROR:process_reader_win.cc(242)] ReadMemory at 0x2a2891deae0 of 78 bytes failed: Only part of a ReadProcessMemory or WriteProcessMemory request was completed. (0x12B)
[1005/192945.571:ERROR:process_reader_win.cc(242)] ReadMemory at 0x2a2891defb0 of 132 bytes failed: Only part of a ReadProcessMemory or WriteProcessMemory request was completed. (0x12B)
[1005/192945.571:ERROR:process_reader_win.cc(242)] ReadMemory at 0x2a2891df060 of 512 bytes failed: Only part of a ReadProcessMemory or WriteProcessMemory request was completed. (0x12B)
[1005/192945.571:ERROR:process_reader_win.cc(242)] ReadMemory at 0x2a2891df490 of 132 bytes failed: Only part of a ReadProcessMemory or WriteProcessMemory request was completed. (0x12B)
[1005/192945.571:ERROR:process_reader_win.cc(242)] ReadMemory at 0x2a2891df5c0 of 64 bytes failed: Only part of a ReadProcessMemory or WriteProcessMemory request was completed. (0x12B)
[1005/192945.571:ERROR:process_reader_win.cc(242)] ReadMemory at 0x2a2891e0730 of 132 bytes failed: Only part of a ReadProcessMemory or WriteProcessMemory request was completed. (0x12B)
[1005/192945.571:ERROR:process_reader_win.cc(242)] ReadMemory at 0x2a2891e08b0 of 66 bytes failed: Only part of a ReadProcessMemory or WriteProcessMemory request was completed. (0x12B)
[1005/192945.571:ERROR:process_reader_win.cc(242)] ReadMemory at 0x2a2891e0900 of 64 bytes failed: Only part of a ReadProcessMemory or WriteProcessMemory request was completed. (0x12B)
[1005/192945.572:ERROR:process_reader_win.cc(242)] ReadMemory at 0x2a2891e0950 of 62 bytes failed: Only part of a ReadProcessMemory or WriteProcessMemory request was completed. (0x12B)
[1005/192945.572:ERROR:process_reader_win.cc(242)] ReadMemory at 0x2a2891e0ae0 of 58 bytes failed: Only part of a ReadProcessMemory or WriteProcessMemory request was completed. (0x12B)
[1005/192945.572:ERROR:process_reader_win.cc(242)] ReadMemory at 0x2a2891e0b30 of 62 bytes failed: Only part of a ReadProcessMemory or WriteProcessMemory request was completed. (0x12B)
[1005/192945.572:ERROR:process_reader_win.cc(242)] ReadMemory at 0x2a2891e0b80 of 62 bytes failed: Only part of a ReadProcessMemory or WriteProcessMemory request was completed. (0x12B)
[1005/192945.572:ERROR:process_reader_win.cc(242)] ReadMemory at 0x2a2891e0bd0 of 66 bytes failed: Only part of a ReadProcessMemory or WriteProcessMemory request was completed. (0x12B)
[1005/192945.573:ERROR:process_reader_win.cc(242)] ReadMemory at 0x2a2891e0c20 of 62 bytes failed: Only part of a ReadProcessMemory or WriteProcessMemory request was completed. (0x12B)
[1005/192945.573:ERROR:process_reader_win.cc(242)] ReadMemory at 0x2a2891e0db0 of 60 bytes failed: Only part of a ReadProcessMemory or WriteProcessMemory request was completed. (0x12B)
[1005/192945.573:ERROR:process_reader_win.cc(242)] ReadMemory at 0x2a2891e0e00 of 58 bytes failed: Only part of a ReadProcessMemory or WriteProcessMemory request was completed. (0x12B)
[1005/192945.573:ERROR:process_reader_win.cc(242)] ReadMemory at 0x2a2891e0e50 of 64 bytes failed: Only part of a ReadProcessMemory or WriteProcessMemory request was completed. (0x12B)
[1005/192945.573:ERROR:process_reader_win.cc(242)] ReadMemory at 0x2a2891e0ea0 of 58 bytes failed: Only part of a ReadProcessMemory or WriteProcessMemory request was completed. (0x12B)
[1005/192945.573:ERROR:process_reader_win.cc(242)] ReadMemory at 0x2a2891e0ef0 of 60 bytes failed: Only part of a ReadProcessMemory or WriteProcessMemory request was completed. (0x12B)
[1005/192945.573:ERROR:process_reader_win.cc(242)] ReadMemory at 0x2a2891e0f40 of 62 bytes failed: Only part of a ReadProcessMemory or WriteProcessMemory request was completed. (0x12B)
[1005/192945.573:ERROR:process_reader_win.cc(242)] ReadMemory at 0x2a2891e0fe0 of 60 bytes failed: Only part of a ReadProcessMemory or WriteProcessMemory request was completed. (0x12B)
[1005/192945.573:ERROR:process_reader_win.cc(242)] ReadMemory at 0x2a2891e1190 of 132 bytes failed: Only part of a ReadProcessMemory or WriteProcessMemory request was completed. (0x12B)
[1005/192945.573:ERROR:process_reader_win.cc(242)] ReadMemory at 0x2a2891e12c0 of 132 bytes failed: Only part of a ReadProcessMemory or WriteProcessMemory request was completed. (0x12B)
[1005/192945.573:ERROR:process_reader_win.cc(242)] ReadMemory at 0x2a2891e13f0 of 132 bytes failed: Only part of a ReadProcessMemory or WriteProcessMemory request was completed. (0x12B)
[1005/192945.573:ERROR:process_reader_win.cc(242)] ReadMemory at 0x2a2891e1520 of 132 bytes failed: Only part of a ReadProcessMemory or WriteProcessMemory request was completed. (0x12B)
[1005/192945.573:ERROR:process_reader_win.cc(242)] ReadMemory at 0x2a2891e1650 of 132 bytes failed: Only part of a ReadProcessMemory or WriteProcessMemory request was completed. (0x12B)
[1005/192945.573:ERROR:process_reader_win.cc(242)] ReadMemory at 0x2a2891e1780 of 132 bytes failed: Only part of a ReadProcessMemory or WriteProcessMemory request was completed. (0x12B)
[1005/192945.574:ERROR:process_reader_win.cc(242)] ReadMemory at 0x2a2891e18b0 of 132 bytes failed: Only part of a ReadProcessMemory or WriteProcessMemory request was completed. (0x12B)
[1005/192945.574:ERROR:process_reader_win.cc(242)] ReadMemory at 0x2a2891e19e0 of 132 bytes failed: Only part of a ReadProcessMemory or WriteProcessMemory request was completed. (0x12B)
[1005/192945.574:ERROR:process_reader_win.cc(242)] ReadMemory at 0x2a2891e1b10 of 132 bytes failed: Only part of a ReadProcessMemory or WriteProcessMemory request was completed. (0x12B)
[1005/192945.574:ERROR:process_reader_win.cc(242)] ReadMemory at 0x2a2891e1c40 of 132 bytes failed: Only part of a ReadProcessMemory or WriteProcessMemory request was completed. (0x12B)
[1005/192945.574:ERROR:process_reader_win.cc(242)] ReadMemory at 0x2a2891e1d70 of 132 bytes failed: Only part of a ReadProcessMemory or WriteProcessMemory request was completed. (0x12B)
[1005/192945.574:ERROR:process_reader_win.cc(242)] ReadMemory at 0x2a2891e1ea0 of 132 bytes failed: Only part of a ReadProcessMemory or WriteProcessMemory request was completed. (0x12B)
[1005/192945.574:ERROR:process_reader_win.cc(242)] ReadMemory at 0x2a2891e1fd0 of 132 bytes failed: Only part of a ReadProcessMemory or WriteProcessMemory request was completed. (0x12B)
[1005/192945.574:ERROR:process_reader_win.cc(242)] ReadMemory at 0x2a2891e3be0 of 132 bytes failed: Only part of a ReadProcessMemory or WriteProcessMemory request was completed. (0x12B)
[1005/192945.574:ERROR:process_reader_win.cc(242)] ReadMemory at 0x2a2891e3d10 of 132 bytes failed: Only part of a ReadProcessMemory or WriteProcessMemory request was completed. (0x12B)
[1005/192945.574:ERROR:process_reader_win.cc(242)] ReadMemory at 0x2a2891e3f70 of 132 bytes failed: Only part of a ReadProcessMemory or WriteProcessMemory request was completed. (0x12B)
[1005/192945.574:ERROR:process_reader_win.cc(242)] ReadMemory at 0x2a2891e40a0 of 132 bytes failed: Only part of a ReadProcessMemory or WriteProcessMemory request was completed. (0x12B)
[1005/192945.574:ERROR:process_reader_win.cc(242)] ReadMemory at 0x2a2891e41d0 of 132 bytes failed: Only part of a ReadProcessMemory or WriteProcessMemory request was completed. (0x12B)
[1005/192945.574:ERROR:process_reader_win.cc(242)] ReadMemory at 0x2a2891e4300 of 132 bytes failed: Only part of a ReadProcessMemory or WriteProcessMemory request was completed. (0x12B)
[1005/192945.574:ERROR:process_reader_win.cc(242)] ReadMemory at 0x2a2891e4430 of 132 bytes failed: Only part of a ReadProcessMemory or WriteProcessMemory request was completed. (0x12B)
[1005/192945.574:ERROR:process_reader_win.cc(242)] ReadMemory at 0x2a2891e4560 of 132 bytes failed: Only part of a ReadProcessMemory or WriteProcessMemory request was completed. (0x12B)
[1005/192945.574:ERROR:process_reader_win.cc(242)] ReadMemory at 0x2a2891e4690 of 132 bytes failed: Only part of a ReadProcessMemory or WriteProcessMemory request was completed. (0x12B)
[1005/192945.574:ERROR:process_reader_win.cc(242)] ReadMemory at 0x2a2891e47c0 of 132 bytes failed: Only part of a ReadProcessMemory or WriteProcessMemory request was completed. (0x12B)
[1005/192945.575:ERROR:process_reader_win.cc(242)] ReadMemory at 0x2a2891e48f0 of 132 bytes failed: Only part of a ReadProcessMemory or WriteProcessMemory request was completed. (0x12B)
[1005/192945.575:ERROR:process_reader_win.cc(242)] ReadMemory at 0x2a2891e4a20 of 132 bytes failed: Only part of a ReadProcessMemory or WriteProcessMemory request was completed. (0x12B)
[1005/192945.575:ERROR:process_reader_win.cc(242)] ReadMemory at 0x2a2891e4b50 of 132 bytes failed: Only part of a ReadProcessMemory or WriteProcessMemory request was completed. (0x12B)
[1005/192945.575:ERROR:process_reader_win.cc(242)] ReadMemory at 0x2a2891e4c80 of 132 bytes failed: Only part of a ReadProcessMemory or WriteProcessMemory request was completed. (0x12B)
[1005/192945.575:ERROR:process_reader_win.cc(242)] ReadMemory at 0x2a2891e4db0 of 132 bytes failed: Only part of a ReadProcessMemory or WriteProcessMemory request was completed. (0x12B)
[1005/192945.575:ERROR:process_reader_win.cc(242)] ReadMemory at 0x2a2891e4ee0 of 132 bytes failed: Only part of a ReadProcessMemory or WriteProcessMemory request was completed. (0x12B)
[1005/192945.575:ERROR:process_reader_win.cc(242)] ReadMemory at 0x2a2891e5010 of 132 bytes failed: Only part of a ReadProcessMemory or WriteProcessMemory request was completed. (0x12B)
[1005/192945.575:ERROR:process_reader_win.cc(242)] ReadMemory at 0x2a2891e5140 of 132 bytes failed: Only part of a ReadProcessMemory or WriteProcessMemory request was completed. (0x12B)
[1005/192945.575:ERROR:process_reader_win.cc(242)] ReadMemory at 0x2a2891e5270 of 132 bytes failed: Only part of a ReadProcessMemory or WriteProcessMemory request was completed. (0x12B)
[1005/192945.575:ERROR:process_reader_win.cc(242)] ReadMemory at 0x2a2891e53a0 of 132 bytes failed: Only part of a ReadProcessMemory or WriteProcessMemory request was completed. (0x12B)
[1005/192945.575:ERROR:process_reader_win.cc(242)] ReadMemory at 0x2a2891e54d0 of 132 bytes failed: Only part of a ReadProcessMemory or WriteProcessMemory request was completed. (0x12B)
[1005/192945.575:ERROR:process_reader_win.cc(242)] ReadMemory at 0x2a2891e5600 of 132 bytes failed: Only part of a ReadProcessMemory or WriteProcessMemory request was completed. (0x12B)
[1005/192945.575:ERROR:process_reader_win.cc(242)] ReadMemory at 0x2a2891e5730 of 132 bytes failed: Only part of a ReadProcessMemory or WriteProcessMemory request was completed. (0x12B)
[1005/192945.576:ERROR:process_reader_win.cc(242)] ReadMemory at 0x2a2891e5860 of 132 bytes failed: Only part of a ReadProcessMemory or WriteProcessMemory request was completed. (0x12B)
[1005/192945.576:ERROR:process_reader_win.cc(242)] ReadMemory at 0x2a2891e5990 of 132 bytes failed: Only part of a ReadProcessMemory or WriteProcessMemory request was completed. (0x12B)
[1005/192945.582:ERROR:process_reader_win.cc(242)] ReadMemory at 0x2a2891e7bc0 of 154 bytes failed: Only part of a ReadProcessMemory or WriteProcessMemory request was completed. (0x12B)
[1005/192945.582:ERROR:process_reader_win.cc(242)] ReadMemory at 0x2a2891e9ca0 of 66 bytes failed: Only part of a ReadProcessMemory or WriteProcessMemory request was completed. (0x12B)
[1005/192945.582:ERROR:process_reader_win.cc(242)] ReadMemory at 0x2a2891e9f70 of 58 bytes failed: Only part of a ReadProcessMemory or WriteProcessMemory request was completed. (0x12B)
[1005/192945.582:ERROR:process_reader_win.cc(242)] ReadMemory at 0x2a2891ea100 of 62 bytes failed: Only part of a ReadProcessMemory or WriteProcessMemory request was completed. (0x12B)
[1005/192945.582:ERROR:process_reader_win.cc(242)] ReadMemory at 0x2a2891ea2e0 of 64 bytes failed: Only part of a ReadProcessMemory or WriteProcessMemory request was completed. (0x12B)
[1005/192945.582:ERROR:process_reader_win.cc(242)] ReadMemory at 0x2a2891ea510 of 66 bytes failed: Only part of a ReadProcessMemory or WriteProcessMemory request was completed. (0x12B)
[1005/192945.582:ERROR:process_reader_win.cc(242)] ReadMemory at 0x2a2891ea650 of 60 bytes failed: Only part of a ReadProcessMemory or WriteProcessMemory request was completed. (0x12B)
[1005/192945.582:ERROR:process_reader_win.cc(242)] ReadMemory at 0x2a2891ea6a0 of 58 bytes failed: Only part of a ReadProcessMemory or WriteProcessMemory request was completed. (0x12B)
[1005/192945.582:ERROR:process_reader_win.cc(242)] ReadMemory at 0x2a2891ea8d0 of 64 bytes failed: Only part of a ReadProcessMemory or WriteProcessMemory request was completed. (0x12B)
[1005/192945.582:ERROR:process_reader_win.cc(242)] ReadMemory at 0x2a2891ea920 of 60 bytes failed: Only part of a ReadProcessMemory or WriteProcessMemory request was completed. (0x12B)
[1005/192945.582:ERROR:process_reader_win.cc(242)] ReadMemory at 0x2a2891ea9c0 of 62 bytes failed: Only part of a ReadProcessMemory or WriteProcessMemory request was completed. (0x12B)
[1005/192945.582:ERROR:process_reader_win.cc(242)] ReadMemory at 0x2a2891f2750 of 54 bytes failed: Only part of a ReadProcessMemory or WriteProcessMemory request was completed. (0x12B)
[1005/192945.583:ERROR:process_reader_win.cc(242)] ReadMemory at 0x2a2891f8790 of 60 bytes failed: Only part of a ReadProcessMemory or WriteProcessMemory request was completed. (0x12B)
[1005/192945.583:ERROR:process_reader_win.cc(242)] ReadMemory at 0x2a2891f8880 of 58 bytes failed: Only part of a ReadProcessMemory or WriteProcessMemory request was completed. (0x12B)
[1005/192945.583:ERROR:process_reader_win.cc(242)] ReadMemory at 0x2a2891f88d0 of 60 bytes failed: Only part of a ReadProcessMemory or WriteProcessMemory request was completed. (0x12B)
[1005/192945.583:ERROR:process_reader_win.cc(242)] ReadMemory at 0x2a2891f8970 of 62 bytes failed: Only part of a ReadProcessMemory or WriteProcessMemory request was completed. (0x12B)
[1005/192945.583:ERROR:process_reader_win.cc(242)] ReadMemory at 0x2a2891f8a60 of 62 bytes failed: Only part of a ReadProcessMemory or WriteProcessMemory request was completed. (0x12B)
[1005/192945.583:ERROR:process_reader_win.cc(242)] ReadMemory at 0x2a2891f8ab0 of 62 bytes failed: Only part of a ReadProcessMemory or WriteProcessMemory request was completed. (0x12B)
[1005/192945.583:ERROR:process_reader_win.cc(242)] ReadMemory at 0x2a2891f8b00 of 64 bytes failed: Only part of a ReadProcessMemory or WriteProcessMemory request was completed. (0x12B)
[1005/192945.583:ERROR:process_reader_win.cc(242)] ReadMemory at 0x2a2891f8bf0 of 58 bytes failed: Only part of a ReadProcessMemory or WriteProcessMemory request was completed. (0x12B)
[1005/192945.583:ERROR:process_reader_win.cc(242)] ReadMemory at 0x2a2891f8c90 of 60 bytes failed: Only part of a ReadProcessMemory or WriteProcessMemory request was completed. (0x12B)
[1005/192945.583:ERROR:process_reader_win.cc(242)] ReadMemory at 0x2a2891f8dd0 of 64 bytes failed: Only part of a ReadProcessMemory or WriteProcessMemory request was completed. (0x12B)
[1005/192945.583:ERROR:process_reader_win.cc(242)] ReadMemory at 0x2a2891f8ec0 of 56 bytes failed: Only part of a ReadProcessMemory or WriteProcessMemory request was completed. (0x12B)
[1005/192945.583:ERROR:process_reader_win.cc(242)] ReadMemory at 0x2a2891f9370 of 62 bytes failed: Only part of a ReadProcessMemory or WriteProcessMemory request was completed. (0x12B)
[1005/192945.583:ERROR:process_reader_win.cc(242)] ReadMemory at 0x2a2891f94b0 of 64 bytes failed: Only part of a ReadProcessMemory or WriteProcessMemory request was completed. (0x12B)
[1005/192945.583:ERROR:process_reader_win.cc(242)] ReadMemory at 0x2a2891f95f0 of 64 bytes failed: Only part of a ReadProcessMemory or WriteProcessMemory request was completed. (0x12B)
[1005/192945.583:ERROR:process_reader_win.cc(242)] ReadMemory at 0x2a2891f9fb0 of 132 bytes failed: Only part of a ReadProcessMemory or WriteProcessMemory request was completed. (0x12B)
[1005/192945.583:ERROR:process_reader_win.cc(242)] ReadMemory at 0x2a2891fa5a0 of 132 bytes failed: Only part of a ReadProcessMemory or WriteProcessMemory request was completed. (0x12B)
[1005/192945.583:ERROR:process_reader_win.cc(242)] ReadMemory at 0x2a2891fa6d0 of 132 bytes failed: Only part of a ReadProcessMemory or WriteProcessMemory request was completed. (0x12B)
[1005/192945.584:ERROR:process_reader_win.cc(242)] ReadMemory at 0x2a2891fa800 of 132 bytes failed: Only part of a ReadProcessMemory or WriteProcessMemory request was completed. (0x12B)
[1005/192945.584:ERROR:process_reader_win.cc(242)] ReadMemory at 0x2a289209f50 of 512 bytes failed: Only part of a ReadProcessMemory or WriteProcessMemory request was completed. (0x12B)
[1005/192945.584:ERROR:process_reader_win.cc(242)] ReadMemory at 0x2a289210960 of 512 bytes failed: Only part of a ReadProcessMemory or WriteProcessMemory request was completed. (0x12B)
[1005/192945.584:ERROR:process_reader_win.cc(242)] ReadMemory at 0x2a2894410c0 of 512 bytes failed: Only part of a ReadProcessMemory or WriteProcessMemory request was completed. (0x12B)
[1005/192945.584:ERROR:process_reader_win.cc(242)] ReadMemory at 0x2a2896960a0 of 512 bytes failed: Only part of a ReadProcessMemory or WriteProcessMemory request was completed. (0x12B)
[1005/192945.584:ERROR:process_reader_win.cc(242)] ReadMemory at 0x2a28969afd0 of 512 bytes failed: Only part of a ReadProcessMemory or WriteProcessMemory request was completed. (0x12B)
[1005/192945.584:ERROR:process_reader_win.cc(242)] ReadMemory at 0x2a2896b2070 of 704 bytes failed: Only part of a ReadProcessMemory or WriteProcessMemory request was completed. (0x12B)
[1005/192945.584:ERROR:process_reader_win.cc(242)] ReadMemory at 0x2a2896b3288 of 512 bytes failed: Only part of a ReadProcessMemory or WriteProcessMemory request was completed. (0x12B)
[1005/192945.584:ERROR:process_reader_win.cc(242)] ReadMemory at 0x2a2896b5a98 of 512 bytes failed: Only part of a ReadProcessMemory or WriteProcessMemory request was completed. (0x12B)
[1005/192945.584:ERROR:process_reader_win.cc(242)] ReadMemory at 0x2a2896be5f0 of 512 bytes failed: Only part of a ReadProcessMemory or WriteProcessMemory request was completed. (0x12B)
[1005/192945.584:ERROR:process_reader_win.cc(242)] ReadMemory at 0x2a28b790dc0 of 520 bytes failed: Only part of a ReadProcessMemory or WriteProcessMemory request was completed. (0x12B)
[1005/192945.584:ERROR:process_reader_win.cc(242)] ReadMemory at 0x2a28b909bf8 of 512 bytes failed: Only part of a ReadProcessMemory or WriteProcessMemory request was completed. (0x12B)
[1005/192945.584:ERROR:process_reader_win.cc(242)] ReadMemory at 0x2a28b90a618 of 512 bytes failed: Only part of a ReadProcessMemory or WriteProcessMemory request was completed. (0x12B)
[1005/192945.584:ERROR:process_reader_win.cc(242)] ReadMemory at 0x2a28b9315a8 of 512 bytes failed: Only part of a ReadProcessMemory or WriteProcessMemory request was completed. (0x12B)
[1005/192945.584:ERROR:process_reader_win.cc(242)] ReadMemory at 0x2a28b9319f8 of 512 bytes failed: Only part of a ReadProcessMemory or WriteProcessMemory request was completed. (0x12B)
[1005/192945.585:ERROR:process_reader_win.cc(242)] ReadMemory at 0x2a28b976470 of 512 bytes failed: Only part of a ReadProcessMemory or WriteProcessMemory request was completed. (0x12B)
[1005/192945.585:ERROR:process_reader_win.cc(242)] ReadMemory at 0x2a28bb9c258 of 512 bytes failed: Only part of a ReadProcessMemory or WriteProcessMemory request was completed. (0x12B)
[1005/192945.585:ERROR:process_reader_win.cc(242)] ReadMemory at 0x2a28bd57350 of 512 bytes failed: Only part of a ReadProcessMemory or WriteProcessMemory request was completed. (0x12B)
[1005/192945.585:ERROR:process_reader_win.cc(242)] ReadMemory at 0x2a28bd72860 of 512 bytes failed: Only part of a ReadProcessMemory or WriteProcessMemory request was completed. (0x12B)
[1005/192945.585:ERROR:process_reader_win.cc(242)] ReadMemory at 0x2a28ce77d00 of 512 bytes failed: Only part of a ReadProcessMemory or WriteProcessMemory request was completed. (0x12B)
[1005/192945.585:ERROR:process_reader_win.cc(242)] ReadMemory at 0x2a28d1c9930 of 512 bytes failed: Only part of a ReadProcessMemory or WriteProcessMemory request was completed. (0x12B)
[1005/192945.585:ERROR:process_reader_win.cc(242)] ReadMemory at 0x2a28d351030 of 512 bytes failed: Only part of a ReadProcessMemory or WriteProcessMemory request was completed. (0x12B)
[1005/192945.585:ERROR:process_reader_win.cc(242)] ReadMemory at 0x2a28d352730 of 512 bytes failed: Only part of a ReadProcessMemory or WriteProcessMemory request was completed. (0x12B)
[1005/192945.585:ERROR:process_reader_win.cc(242)] ReadMemory at 0x2a28da04f78 of 512 bytes failed: Only part of a ReadProcessMemory or WriteProcessMemory request was completed. (0x12B)
[1005/192945.585:ERROR:process_reader_win.cc(242)] ReadMemory at 0x2a28f30a2d8 of 512 bytes failed: Only part of a ReadProcessMemory or WriteProcessMemory request was completed. (0x12B)
[1005/192945.585:ERROR:process_reader_win.cc(242)] ReadMemory at 0x2a28f47e818 of 512 bytes failed: Only part of a ReadProcessMemory or WriteProcessMemory request was completed. (0x12B)
[1005/192945.585:ERROR:process_reader_win.cc(242)] ReadMemory at 0xdb54b5d5248 of 512 bytes failed: Only part of a ReadProcessMemory or WriteProcessMemory request was completed. (0x12B)
[1005/192945.585:ERROR:process_reader_win.cc(242)] ReadMemory at 0x287cdf9800a0 of 512 bytes failed: Only part of a ReadProcessMemory or WriteProcessMemory request was completed. (0x12B)
[1005/192945.585:ERROR:process_reader_win.cc(242)] ReadMemory at 0x3cae8da800a0 of 512 bytes failed: Only part of a ReadProcessMemory or WriteProcessMemory request was completed. (0x12B)
[1005/192945.585:ERROR:process_reader_win.cc(242)] ReadMemory at 0x67e4ba5800a0 of 512 bytes failed: Only part of a ReadProcessMemory or WriteProcessMemory request was completed. (0x12B)
[1005/192945.585:ERROR:process_reader_win.cc(242)] ReadMemory at 0x7ff972a70011 of 512 bytes failed: Only part of a ReadProcessMemory or WriteProcessMemory request was completed. (0x12B)
[1005/192945.585:ERROR:process_reader_win.cc(242)] ReadMemory at 0x7ff972cb2300 of 512 bytes failed: Only part of a ReadProcessMemory or WriteProcessMemory request was completed. (0x12B)
[1005/192945.585:ERROR:process_reader_win.cc(242)] ReadMemory at 0x7ff972ef8378 of 512 bytes failed: Only part of a ReadProcessMemory or WriteProcessMemory request was completed. (0x12B)
[1005/192945.585:ERROR:process_reader_win.cc(242)] ReadMemory at 0x7ff9737ddb54 of 512 bytes failed: Only part of a ReadProcessMemory or WriteProcessMemory request was completed. (0x12B)
[1005/192945.586:ERROR:process_reader_win.cc(242)] ReadMemory at 0x7ff974b6b4b0 of 512 bytes failed: Only part of a ReadProcessMemory or WriteProcessMemory request was completed. (0x12B)
[1005/192945.586:ERROR:process_reader_win.cc(242)] ReadMemory at 0x7ff976744cb0 of 512 bytes failed: Only part of a ReadProcessMemory or WriteProcessMemory request was completed. (0x12B)
[1005/192945.586:ERROR:process_reader_win.cc(242)] ReadMemory at 0x7ff97676fcf0 of 512 bytes failed: Only part of a ReadProcessMemory or WriteProcessMemory request was completed. (0x12B)
[1005/192945.586:ERROR:process_reader_win.cc(242)] ReadMemory at 0x7ff976aaf341 of 512 bytes failed: Only part of a ReadProcessMemory or WriteProcessMemory request was completed. (0x12B)
[1005/192945.586:ERROR:process_reader_win.cc(242)] ReadMemory at 0x7ff9771e89f0 of 512 bytes failed: Only part of a ReadProcessMemory or WriteProcessMemory request was completed. (0x12B)
[1005/192945.586:ERROR:process_reader_win.cc(242)] ReadMemory at 0x7ff9d5dca308 of 512 bytes failed: Only part of a ReadProcessMemory or WriteProcessMemory request was completed. (0x12B)
[1005/192945.586:ERROR:process_reader_win.cc(242)] ReadMemory at 0x7ff9d8c1f260 of 512 bytes failed: Only part of a ReadProcessMemory or WriteProcessMemory request was completed. (0x12B)
[1005/192945.586:ERROR:process_reader_win.cc(242)] ReadMemory at 0x7ff9d8c209e0 of 512 bytes failed: Only part of a ReadProcessMemory or WriteProcessMemory request was completed. (0x12B)
[1005/192945.586:ERROR:process_reader_win.cc(242)] ReadMemory at 0x7ff9d8c212d0 of 512 bytes failed: Only part of a ReadProcessMemory or WriteProcessMemory request was completed. (0x12B)
[1005/192945.586:ERROR:process_reader_win.cc(242)] ReadMemory at 0x7ff9d8c230c0 of 512 bytes failed: Only part of a ReadProcessMemory or WriteProcessMemory request was completed. (0x12B)
[1005/192945.586:ERROR:process_reader_win.cc(242)] ReadMemory at 0x7ff9d8c99ef4 of 672 bytes failed: Only part of a ReadProcessMemory or WriteProcessMemory request was completed. (0x12B)
[1005/192945.586:ERROR:process_reader_win.cc(242)] ReadMemory at 0x7ff9d8c9a4f4 of 512 bytes failed: Only part of a ReadProcessMemory or WriteProcessMemory request was completed. (0x12B)
[1005/192945.586:ERROR:process_reader_win.cc(242)] ReadMemory at 0x7ff9d8c9d764 of 608 bytes failed: Only part of a ReadProcessMemory or WriteProcessMemory request was completed. (0x12B)
[1005/192945.586:ERROR:process_reader_win.cc(242)] ReadMemory at 0x7ff9d8d23810 of 18 bytes failed: Only part of a ReadProcessMemory or WriteProcessMemory request was completed. (0x12B)
[1005/192945.586:ERROR:process_reader_win.cc(242)] ReadMemory at 0x7ff9d8d564e0 of 40 bytes failed: Only part of a ReadProcessMemory or WriteProcessMemory request was completed. (0x12B)
[1005/192945.586:ERROR:process_reader_win.cc(242)] ReadMemory at 0x7ff9d8d56938 of 48 bytes failed: Only part of a ReadProcessMemory or WriteProcessMemory request was completed. (0x12B)
[1005/192945.586:ERROR:process_reader_win.cc(242)] ReadMemory at 0x7ff9d8d5c360 of 64 bytes failed: Only part of a ReadProcessMemory or WriteProcessMemory request was completed. (0x12B)
[1005/192945.611:ERROR:scoped_process_suspend.cc(40)] NtResumeProcess: An attempt was made to access an exiting process. (0xc000010a)
